<?xml version="1.0" encoding="UTF-8"?>
<!-- Generated by org.testng.reporters.JUnitReportReporter -->
<testsuite hostname="DESKTOP-74NAGSF" failures="0" tests="1" name="com.banking.testCases.Test1234" time="13.971" errors="0" timestamp="2023-02-28T12:48:08 IST" skipped="0">
  <testcase classname="com.banking.testCases.Test1234" name="addNewCustomer" time="13.971"/>
  <system-out/>
</testsuite> <!-- com.banking.testCases.Test1234 -->
