<?xml version="1.0" encoding="UTF-8"?>
<!-- Generated by org.testng.reporters.JUnitReportReporter -->
<testsuite hostname="DESKTOP-74NAGSF" failures="0" tests="1" name="com.banking.testCases.TC_LoginTest_001" time="2.580" errors="0" timestamp="2023-03-08T11:44:36 IST" skipped="0">
  <testcase classname="com.banking.testCases.TC_LoginTest_001" name="loginTest" time="2.580"/>
  <system-out/>
</testsuite> <!-- com.banking.testCases.TC_LoginTest_001 -->
